Сборка начата 18.04.2016 18:47:16.
     1>Проект "C:\Users\Юра\Local_repository\Hangman_latest\hangman\HangMan.vcxproj" в узле 2 (целевые объекты Build).
     1>ClCompile:
         C:\Program Files (x86)\Microsoft Visual Studio 12.0\VC\bin\CL.exe /c /ZI /nologo /W3 /WX- /sdl /Od /Oy- /D _MBCS /Gm /EHsc /RTC1 /MDd /GS /fp:precise /Zc:wchar_t /Zc:forScope /Fo"Debug\\" /Fd"Debug\vc120.pdb" /Gd /TP /analyze- /errorReport:prompt ConsoleProperties.cpp
         ConsoleProperties.cpp
     1>c:\users\юра\local_repository\hangman_latest\hangman\consoleproperties.cpp(99): warning C4018: <: несоответствие типов со знаком и без знака
     1>c:\users\юра\local_repository\hangman_latest\hangman\consoleproperties.cpp(128): warning C4018: <: несоответствие типов со знаком и без знака
     1>c:\users\юра\local_repository\hangman_latest\hangman\consoleproperties.cpp(149): warning C4018: <: несоответствие типов со знаком и без знака
       Link:
         C:\Program Files (x86)\Microsoft Visual Studio 12.0\VC\bin\link.exe /ERRORREPORT:PROMPT /OUT:"C:\Users\Юра\Local_repository\Hangman_latest\hangman\Debug\HangMan.exe" /INCREMENTAL /NOLOGO kernel32.lib user32.lib gdi32.lib winspool.lib comdlg32.lib advapi32.lib shell32.lib ole32.lib oleaut32.lib uuid.lib odbc32.lib odbccp32.lib /MANIFEST /MANIFESTUAC:"level='asInvoker' uiAccess='false'" /manifest:embed /DEBUG /PDB:"C:\Users\Юра\Local_repository\Hangman_latest\hangman\Debug\HangMan.pdb" /TLBID:1 /DYNAMICBASE /NXCOMPAT /IMPLIB:"C:\Users\Юра\Local_repository\Hangman_latest\hangman\Debug\HangMan.lib" /MACHINE:X86 Debug\ConsoleProperties.obj
         Debug\FieldView.obj
         Debug\HighScoreView.obj
         Debug\main.obj
         Debug\Options.obj
         Debug\OptionView.obj
         Debug\ResultView.obj
         Debug\SideBar.obj
         Debug\StartView.obj
         Debug\View.obj
         HangMan.vcxproj -> C:\Users\Юра\Local_repository\Hangman_latest\hangman\Debug\HangMan.exe
     1>Сборка проекта "C:\Users\Юра\Local_repository\Hangman_latest\hangman\HangMan.vcxproj" завершена (целевые объекты Build).

Сборка успешно завершена.

Затраченное время: 00:00:02.17
